============================================================
Starting Uniswap v3 pools analysis with real 30-day data
============================================================
Loaded 97 top-100 coins
Stablecoins: 27
Major coins (BTC/ETH): 20
Fetching page 1...
  Fetching 30d data for WETH / USDT 0.01%...
  Fetching 30d data for USDC / WETH 0.01%...
  Fetching 30d data for WETH / USDC 0.05%...
  Fetching 30d data for WETH / USDT 0.05%...
  Fetching 30d data for WBTC / WETH 0.05%...
  Fetching 30d data for WBTC / USDT 0.05%...
  Fetching 30d data for XAUt / USDT 0.05%...
  Fetching 30d data for DAI / WETH 0.05%...
  Fetching 30d data for WBTC / USDC 0.05%...
  Fetching 30d data for PAXG / USDC 0.05%...
  Fetching 30d data for LINK / WETH 0.05%...
  Fetching 30d data for WETH / USDT 0.3%...
  Fetching 30d data for USDC / USDT 0.01%...
Fetching page 2...
  Fetching 30d data for tBTC / WBTC 0.01%...
  Fetching 30d data for cbBTC / WBTC 0.01%...
  Fetching 30d data for USDC / WETH 0.3%...
  Fetching 30d data for PAXG / XAUt 0.01%...
  Fetching 30d data for WBTC / WETH 0.3%...
  Fetching 30d data for LINK / WETH 0.3%...
  Fetching 30d data for DAI / USDT 0.01%...
  Fetching 30d data for PAXG / XAUt 0.05%...
  Fetching 30d data for ONDO / WETH 0.3%...
Fetching page 3...
  Fetching 30d data for UNI / WBTC 0.3%...
  Fetching 30d data for wstETH / WETH 0.01%...
  Fetching 30d data for QNT / WETH 0.3%...
  Fetching 30d data for UNI / WETH 0.3%...
  Fetching 30d data for SOL / WETH 0.3%...
  Fetching 30d data for WBTC / USDC 0.3%...
Fetching page 4...
  Fetching 30d data for ENA / WETH 0.3%...
  Fetching 30d data for WBTC / USDT 0.3%...
  Fetching 30d data for WLFI / USDT 0.3%...
  Fetching 30d data for LINK / USDC 0.3%...
  Fetching 30d data for USDe / USDC 0.01%...
Fetching page 5...
  Fetching 30d data for AAVE / WETH 0.3%...
  Fetching 30d data for USD1 / USDT 0.01%...
  Fetching 30d data for DAI / WETH 0.3%...
  Fetching 30d data for LINK / USDT 0.3%...
  Fetching 30d data for USD1 / USDC 0.01%...
Fetching page 6...
  Fetching 30d data for MNT / USDe 0.3%...
  Fetching 30d data for sUSDe / USDT 0.01%...
  Fetching 30d data for DAI / USDC 0.01%...
  Fetching 30d data for AAVE / USDC 0.3%...
  Fetching 30d data for SKY / WETH 0.3%...
Fetching page 7...
  Fetching 30d data for UNI / USDC 0.3%...
  Fetching 30d data for AAVE / UNI 0.3%...
  Fetching 30d data for PEPE / WETH 0.3%...
  Fetching 30d data for PAXG / USDC 0.3%...
  Fetching 30d data for weETH / WETH 0.01%...
  Fetching 30d data for PYUSD / USDT 0.01%...
Fetching page 8...
  Fetching 30d data for XAUt / WBTC 0.3%...
  Fetching 30d data for PAXG / WETH 0.3%...
  Fetching 30d data for USD1 / WETH 0.3%...
Fetching page 9...
  Fetching 30d data for PYUSD / USDC 0.01%...
  Fetching 30d data for WLFI / USDT 1%...
  Fetching 30d data for ICP / WETH 0.05%...
  Fetching 30d data for tBTC / cbBTC 0.01%...
Fetching page 10...
  Fetching 30d data for NEAR / USDC 0.3%...
  Fetching 30d data for XAUt / USDT 0.3%...
Fetching page 11...
Error fetching page 11: 401 Client Error: Unauthorized for url: https://api.geckoterminal.com/api/v2/networks/eth/dexes/uniswap_v3/pools?page=11

============================================================
Pools checked: 200
Pools passed filter: 69
Pools with TVL >= $100k: 58
Pools with real 30d data: 0
============================================================


Total pools analyzed: 58

Results saved to experiments/top_20_pools_with_30d_data.json

============================================================
TOP-20 POOLS BY 30-DAY APY (Real Historical Data)
============================================================

1. UNI / WBTC 0.3%
   APY 24h: 76.24%
   APY 30d: 76.24%  ⚠️ Est
   Volume 30d: $34,783,935
   TVL: $1,665,199

2. WLFI / USDT 0.3%
   APY 24h: 75.06%
   APY 30d: 75.06%  ⚠️ Est
   Volume 30d: $2,600,300
   TVL: $126,453

3. SOL / WETH 0.3%
   APY 24h: 50.76%
   APY 30d: 50.76%  ⚠️ Est
   Volume 30d: $37,048,344
   TVL: $2,664,037

4. XAUt / USDT 0.05%
   APY 24h: 42.56%
   APY 30d: 42.56%  ⚠️ Est
   Volume 30d: $475,837,214
   TVL: $6,802,037

5. USDC / WETH 0.01%
   APY 24h: 39.06%
   APY 30d: 39.06%  ⚠️ Est
   Volume 30d: $1,106,581,732
   TVL: $3,446,880

6. LINK / WETH 0.05%
   APY 24h: 36.13%
   APY 30d: 36.13%  ⚠️ Est
   Volume 30d: $39,325,839
   TVL: $662,201

7. WETH / USDT 0.01%
   APY 24h: 32.26%
   APY 30d: 32.26%  ⚠️ Est
   Volume 30d: $3,148,264,881
   TVL: $11,873,070

8. QNT / WETH 0.3%
   APY 24h: 31.17%
   APY 30d: 31.17%  ⚠️ Est
   Volume 30d: $5,322,125
   TVL: $623,268

9. WETH / USDT 0.3%
   APY 24h: 30.93%
   APY 30d: 30.93%  ⚠️ Est
   Volume 30d: $978,400,419
   TVL: $115,456,786

10. XAUt / USDT 0.3%
   APY 24h: 30.68%
   APY 30d: 30.68%  ⚠️ Est
   Volume 30d: $4,716,504
   TVL: $561,086

11. ONDO / WETH 0.3%
   APY 24h: 27.20%
   APY 30d: 27.20%  ⚠️ Est
   Volume 30d: $33,935,241
   TVL: $4,553,760

12. WBTC / USDT 0.05%
   APY 24h: 25.09%
   APY 30d: 25.09%  ⚠️ Est
   Volume 30d: $993,328,055
   TVL: $24,082,750

13. ENA / WETH 0.3%
   APY 24h: 21.00%
   APY 30d: 21.00%  ⚠️ Est
   Volume 30d: $6,863,989
   TVL: $1,192,750

14. WBTC / USDT 0.3%
   APY 24h: 20.64%
   APY 30d: 20.64%  ⚠️ Est
   Volume 30d: $262,777,014
   TVL: $46,470,585

15. WBTC / USDC 0.05%
   APY 24h: 20.22%
   APY 30d: 20.22%  ⚠️ Est
   Volume 30d: $105,549,605
   TVL: $3,174,900

16. USDC / WETH 0.3%
   APY 24h: 19.41%
   APY 30d: 19.41%  ⚠️ Est
   Volume 30d: $212,487,936
   TVL: $39,958,274

17. LINK / USDT 0.3%
   APY 24h: 19.21%
   APY 30d: 19.21%  ⚠️ Est
   Volume 30d: $2,373,884
   TVL: $451,040

18. PAXG / USDC 0.05%
   APY 24h: 18.78%
   APY 30d: 18.78%  ⚠️ Est
   Volume 30d: $184,073,464
   TVL: $5,961,225

19. LINK / WETH 0.3%
   APY 24h: 18.47%
   APY 30d: 18.47%  ⚠️ Est
   Volume 30d: $189,086,879
   TVL: $37,371,113

20. PAXG / XAUt 0.05%
   APY 24h: 17.07%
   APY 30d: 17.07%  ⚠️ Est
   Volume 30d: $192,586,388
   TVL: $6,861,451

============================================================
Generating markdown report...
Report snippet saved to experiments/top_20_pools_report_snippet.md

============================================================
Statistics:
  Pools with real 30d data: 0/20
  Pools with estimated data: 20/20
============================================================

✅ Analysis complete!
